<?xml version="1.0" encoding="UTF-8"?>
<testng-results ignored="0" total="1" passed="1" failed="0" skipped="0">
  <reporter-output>
  </reporter-output>
  <suite started-at="2024-09-21T19:37:28 BDT" name="Default suite" finished-at="2024-09-21T19:38:50 BDT" duration-ms="82319">
    <groups>
    </groups>
    <test started-at="2024-09-21T19:37:28 BDT" name="Default test" finished-at="2024-09-21T19:38:50 BDT" duration-ms="82319">
      <class name="Tests.LoginTest">
        <test-method is-config="true" signature="openUrl(java.lang.String,java.lang.String,java.lang.String)[pri:0, instance:Tests.LoginTest@7cc0cdad]" started-at="2024-09-21T19:37:28 BDT" name="openUrl" finished-at="2024-09-21T19:37:57 BDT" duration-ms="29255" status="PASS">
          <params>
            <param index="0">
              <value>
                <![CDATA[https://opensource-demo.orangehrmlive.com/web/index.php/auth/login]]>
              </value>
            </param>
            <param index="1">
              <value>
                <![CDATA[chrome]]>
              </value>
            </param>
            <param index="2">
              <value>
                <![CDATA[false]]>
              </value>
            </param>
          </params>
          <reporter-output>
          </reporter-output>
        </test-method> <!-- openUrl -->
        <test-method signature="loginWithExcelData()[pri:0, instance:Tests.LoginTest@7cc0cdad]" started-at="2024-09-21T19:37:57 BDT" name="loginWithExcelData" finished-at="2024-09-21T19:38:49 BDT" duration-ms="51674" status="PASS">
          <reporter-output>
          </reporter-output>
        </test-method> <!-- loginWithExcelData -->
        <test-method is-config="true" signature="afterClass()[pri:0, instance:Tests.LoginTest@7cc0cdad]" started-at="2024-09-21T19:38:49 BDT" name="afterClass" finished-at="2024-09-21T19:38:50 BDT" duration-ms="1345" status="PASS">
          <reporter-output>
          </reporter-output>
        </test-method> <!-- afterClass -->
      </class> <!-- Tests.LoginTest -->
    </test> <!-- Default test -->
  </suite> <!-- Default suite -->
</testng-results>
